<?xml version="1.0" encoding="UTF-8"?>
<testng-results ignored="0" total="1" passed="1" failed="0" skipped="0">
  <reporter-output>
    <line>
      <![CDATA[User inpur email oleksandrperev@gmail.com]]>
    </line>
    <line>
      <![CDATA[User clicked button "Continue"]]>
    </line>
    <line>
      <![CDATA[User inpur password Testing7]]>
    </line>
    <line>
      <![CDATA[User clicked button "Login"]]>
    </line>
    <line>
      <![CDATA[Amount of column 6]]>
    </line>
    <line>
      <![CDATA[Amount of column is verified]]>
    </line>
    <line>
      <![CDATA[First column name is Primary Column]]>
    </line>
    <line>
      <![CDATA[First column name is verified]]>
    </line>
    <line>
      <![CDATA[Last column name is Column6]]>
    </line>
    <line>
      <![CDATA[Last column name is verified]]>
    </line>
    <line>
      <![CDATA[User deleted last column]]>
    </line>
    <line>
      <![CDATA[Amount of column 5]]>
    </line>
    <line>
      <![CDATA[Amount of column is verified]]>
    </line>
    <line>
      <![CDATA[Last column name is Column5]]>
    </line>
    <line>
      <![CDATA[Last column name is verified]]>
    </line>
    <line>
      <![CDATA[User added column 6]]>
    </line>
    <line>
      <![CDATA[Amount of column 6]]>
    </line>
    <line>
      <![CDATA[Amount of column is verified]]>
    </line>
    <line>
      <![CDATA[Last column name is Column6]]>
    </line>
    <line>
      <![CDATA[Last column name is verified]]>
    </line>
    <line>
      <![CDATA[User saved changes]]>
    </line>
  </reporter-output>
  <suite started-at="2019-08-29T07:22:06Z" name="Default Suite" finished-at="2019-08-29T07:22:19Z" duration-ms="13222">
    <groups>
    </groups>
    <test started-at="2019-08-29T07:22:06Z" name="smartsheet" finished-at="2019-08-29T07:22:19Z" duration-ms="13222">
      <class name="com.smartsheet.AddDeleteColumnTest">
        <test-method is-config="true" signature="setUp()[pri:0, instance:com.smartsheet.AddDeleteColumnTest@a9cd3b1]" started-at="2019-08-29T07:22:06Z" name="setUp" finished-at="2019-08-29T07:22:10Z" duration-ms="3630" status="PASS">
          <reporter-output>
          </reporter-output>
        </test-method> <!-- setUp -->
        <test-method signature="testDeleteColumn()[pri:0, instance:com.smartsheet.AddDeleteColumnTest@a9cd3b1]" started-at="2019-08-29T07:22:10Z" name="testDeleteColumn" finished-at="2019-08-29T07:22:19Z" duration-ms="9480" status="PASS">
          <reporter-output>
            <line>
              <![CDATA[User inpur email oleksandrperev@gmail.com]]>
            </line>
            <line>
              <![CDATA[User clicked button "Continue"]]>
            </line>
            <line>
              <![CDATA[User inpur password Testing7]]>
            </line>
            <line>
              <![CDATA[User clicked button "Login"]]>
            </line>
            <line>
              <![CDATA[Amount of column 6]]>
            </line>
            <line>
              <![CDATA[Amount of column is verified]]>
            </line>
            <line>
              <![CDATA[First column name is Primary Column]]>
            </line>
            <line>
              <![CDATA[First column name is verified]]>
            </line>
            <line>
              <![CDATA[Last column name is Column6]]>
            </line>
            <line>
              <![CDATA[Last column name is verified]]>
            </line>
            <line>
              <![CDATA[User deleted last column]]>
            </line>
            <line>
              <![CDATA[Amount of column 5]]>
            </line>
            <line>
              <![CDATA[Amount of column is verified]]>
            </line>
            <line>
              <![CDATA[Last column name is Column5]]>
            </line>
            <line>
              <![CDATA[Last column name is verified]]>
            </line>
            <line>
              <![CDATA[User added column 6]]>
            </line>
            <line>
              <![CDATA[Amount of column 6]]>
            </line>
            <line>
              <![CDATA[Amount of column is verified]]>
            </line>
            <line>
              <![CDATA[Last column name is Column6]]>
            </line>
            <line>
              <![CDATA[Last column name is verified]]>
            </line>
            <line>
              <![CDATA[User saved changes]]>
            </line>
          </reporter-output>
        </test-method> <!-- testDeleteColumn -->
        <test-method is-config="true" signature="tearDown()[pri:0, instance:com.smartsheet.AddDeleteColumnTest@a9cd3b1]" started-at="2019-08-29T07:22:19Z" name="tearDown" finished-at="2019-08-29T07:22:19Z" duration-ms="98" status="PASS">
          <reporter-output>
          </reporter-output>
        </test-method> <!-- tearDown -->
      </class> <!-- com.smartsheet.AddDeleteColumnTest -->
    </test> <!-- smartsheet -->
  </suite> <!-- Default Suite -->
</testng-results>
